10/04/23 18:25:57 Xvnc version TightVNC-1.3.10
10/04/23 18:25:57 Copyright (C) 2000-2009 TightVNC Group
10/04/23 18:25:57 Copyright (C) 1999 AT&T Laboratories Cambridge
10/04/23 18:25:57 All Rights Reserved.
10/04/23 18:25:57 See http://www.tightvnc.com/ for information on TightVNC
10/04/23 18:25:57 Desktop name 'X' (ip-172-31-91-146:2)
10/04/23 18:25:57 Protocol versions supported: 3.3, 3.7, 3.8, 3.7t, 3.8t
10/04/23 18:25:57 Listening for VNC connections on TCP port 5902
Font directory '/usr/share/fonts/X11/75dpi/' not found - ignoring
Font directory '/usr/share/fonts/X11/100dpi/' not found - ignoring
xrdb: No such file or directory
xrdb: can't open file '/home/ubuntu/.Xresources'
/usr/bin/startxfce4: X server already running on display :2
gpg-agent: a gpg-agent is already running - not starting a new one

(xfwm4:31223): xfwm4-WARNING **: 18:25:58.455: XSync extension too old (3.0).

(xfwm4:31223): xfwm4-WARNING **: 18:25:58.455: The display does not support the XRender extension.

(xfwm4:31223): xfwm4-WARNING **: 18:25:58.455: The display does not support the XRandr extension.

(xfwm4:31223): xfwm4-WARNING **: 18:25:58.455: The display does not support the XRes extension.

(xfwm4:31223): xfwm4-WARNING **: 18:25:58.455: The display does not support the XComposite extension.

(xfwm4:31223): xfwm4-WARNING **: 18:25:58.455: The display does not support the XDamage extension.

(xfwm4:31223): xfwm4-WARNING **: 18:25:58.455: The display does not support the XFixes extension.

(xfwm4:31223): xfwm4-WARNING **: 18:25:58.455: The display does not support the XPresent extension.

(xfwm4:31223): xfwm4-WARNING **: 18:25:58.455: Compositing manager disabled.
xfwm4-Message: 18:25:58.491: Unsupported keyboard modifier '<Super>Tab'
xfwm4-Message: 18:25:58.491: Unsupported keyboard modifier '<Super>KP_Up'
xfwm4-Message: 18:25:58.491: Unsupported keyboard modifier '<Super>KP_Left'
xfwm4-Message: 18:25:58.491: Unsupported keyboard modifier '<Super>KP_Right'
xfwm4-Message: 18:25:58.491: Unsupported keyboard modifier '<Super>KP_Down'
xfwm4-Message: 18:25:58.491: Unsupported keyboard modifier '<Super>KP_End'
xfwm4-Message: 18:25:58.491: Unsupported keyboard modifier '<Super>KP_Next'
xfwm4-Message: 18:25:58.491: Unsupported keyboard modifier '<Super>KP_Home'
xfwm4-Message: 18:25:58.491: Unsupported keyboard modifier '<Super>KP_Page_Up'

(xfwm4:31223): xfwm4-WARNING **: 18:25:58.503: Cannot find visual format on screen 0

(xfwm4:31223): GLib-CRITICAL **: 18:25:58.503: g_hash_table_destroy: assertion 'hash_table != NULL' failed

(xfsettingsd:31232): xfsettingsd-CRITICAL **: 18:25:58.540: No RANDR extension found in display :2. Display settings won't be applied.
Xlib:  extension "XInputExtension" missing on display ":2".

(xfsettingsd:31232): xfsettingsd-CRITICAL **: 18:25:58.540: XI is not present.

(xfsettingsd:31232): xfsettingsd-CRITICAL **: 18:25:58.541: Failed to initialize the Xkb extension.

(xfsettingsd:31232): xfsettingsd-CRITICAL **: 18:25:58.541: Failed to initialize the Accessibility extension.
xfwm4-Message: 18:25:58.622: Unsupported keyboard modifier '<Super>Tab'
xfwm4-Message: 18:25:58.622: Unsupported keyboard modifier '<Super>KP_Up'
xfwm4-Message: 18:25:58.622: Unsupported keyboard modifier '<Super>KP_Left'
xfwm4-Message: 18:25:58.622: Unsupported keyboard modifier '<Super>KP_Right'
xfwm4-Message: 18:25:58.622: Unsupported keyboard modifier '<Super>KP_Down'
xfwm4-Message: 18:25:58.622: Unsupported keyboard modifier '<Super>KP_End'
xfwm4-Message: 18:25:58.622: Unsupported keyboard modifier '<Super>KP_Next'
xfwm4-Message: 18:25:58.622: Unsupported keyboard modifier '<Super>KP_Home'
xfwm4-Message: 18:25:58.622: Unsupported keyboard modifier '<Super>KP_Page_Up'
AUDIT: Mon Apr 10 18:25:59 2023: 31188 Xtightvnc: client 8 rejected from local host
Failure: Module initialization failed

** (xfce4-power-manager:31263): WARNING **: 18:25:59.044: Failed to get name owner: GDBus.Error:org.freedesktop.DBus.Error.NameHasNoOwner: Could not get owner of name 'org.freedesktop.PowerManagement': no such name


** (xfce4-power-manager:31263): WARNING **: 18:25:59.044: Failed to get name owner: GDBus.Error:org.freedesktop.DBus.Error.NameHasNoOwner: Could not get owner of name 'org.xfce.PowerManager': no such name


** (xiccd:31272): CRITICAL **: 18:25:59.046: RandR extension is not working on display :2.0
Xlib:  extension "DPMS" missing on display ":2.0".

(xfce4-power-manager:31263): xfce4-power-manager-WARNING **: 18:25:59.048: Monitor is not DPMS capable

(polkit-gnome-authentication-agent-1:31255): GLib-CRITICAL **: 18:25:59.108: g_variant_new_string: assertion 'string != NULL' failed

(polkit-gnome-authentication-agent-1:31255): polkit-gnome-1-WARNING **: 18:25:59.109: Failed to register client: GDBus.Error:org.freedesktop.DBus.Error.ServiceUnknown: The name org.gnome.SessionManager was not provided by any .service files

(xfce4-power-manager:31263): GLib-GObject-WARNING **: 18:25:59.339: ../../../gobject/gsignal.c:2613: signal 'Changed' is invalid for instance '0x561fa5ad50e0' of type 'GDBusProxy'

(xfce4-power-manager:31263): xfce4-power-manager-WARNING **: 18:25:59.366: could not map keysym 1008ff2a to keycode


(xfce4-power-manager:31263): xfce4-power-manager-WARNING **: 18:25:59.366: could not map keysym 1008ffa8 to keycode


(xfce4-power-manager:31263): xfce4-power-manager-WARNING **: 18:25:59.366: could not map keysym 1008ffa7 to keycode


(xfce4-power-manager:31263): xfce4-power-manager-WARNING **: 18:25:59.366: could not map keysym 1008ff2f to keycode


(xfce4-power-manager:31263): xfce4-power-manager-WARNING **: 18:25:59.366: could not map keysym 1008ff02 to keycode


(xfce4-power-manager:31263): xfce4-power-manager-WARNING **: 18:25:59.366: could not map keysym 1008ff03 to keycode


(xfce4-power-manager:31263): xfce4-power-manager-WARNING **: 18:25:59.366: could not map keysym 1008ff93 to keycode


(xfce4-power-manager:31263): xfce4-power-manager-WARNING **: 18:25:59.366: could not map keysym 1008ff05 to keycode


(xfce4-power-manager:31263): xfce4-power-manager-WARNING **: 18:25:59.366: could not map keysym 1008ff06 to keycode


(xfce4-power-manager:31263): xfce4-power-manager-WARNING **: 18:25:59.367: No idle counter.

(xfce4-power-manager:31263): xfce4-power-manager-WARNING **: 18:25:59.375: Unable to inhibit systemd sleep: GDBus.Error:org.freedesktop.DBus.Error.AccessDenied: Permission denied

** (xfce4-power-manager:31263): WARNING **: 18:25:59.375: No XRANDR extension found

(xfce4-power-manager:31263): xfce4-power-manager-WARNING **: 18:25:59.381: Failed to get keyboard max brightness level : GDBus.Error:org.freedesktop.DBus.Error.UnknownMethod: Object does not exist at path “/org/freedesktop/UPower/KbdBacklight”

(wrapper-2.0:31303): GLib-GIO-CRITICAL **: 18:26:00.248: g_file_new_for_path: assertion 'path != NULL' failed

(wrapper-2.0:31303): GLib-GIO-CRITICAL **: 18:26:00.248: g_file_monitor_file: assertion 'G_IS_FILE (file)' failed

(wrapper-2.0:31303): GLib-GObject-WARNING **: 18:26:00.248: invalid (NULL) pointer instance

(wrapper-2.0:31303): GLib-GObject-CRITICAL **: 18:26:00.248: g_signal_connect_data: assertion 'G_TYPE_CHECK_INSTANCE (instance)' failed

(wrapper-2.0:31303): Gtk-WARNING **: 18:26:00.248: Attempting to add a widget with type GtkToggleButton to a container of type XfcePanelPlugin, but the widget is already inside a container of type XfcePanelPlugin, please remove the widget from its existing container first.

** (wrapper-2.0:31302): WARNING **: 18:26:00.370: No XRANDR extension found

(wrapper-2.0:31303): Gtk-WARNING **: 18:26:00.435: Negative content width -3 (allocation 1, extents 2x2) while allocating gadget (node button, owner GtkToggleButton)

** (wrapper-2.0:31299): WARNING **: 18:26:00.451: Binding 'XF86AudioLowerVolume' failed!

(wrapper-2.0:31299): pulseaudio-plugin-WARNING **: 18:26:00.451: Could not have grabbed volume control keys. Is another volume control application (xfce4-volumed) running?

** (wrapper-2.0:31299): WARNING **: 18:26:00.451: Binding 'XF86AudioPlay' failed!

(wrapper-2.0:31299): pulseaudio-plugin-WARNING **: 18:26:00.451: Could not have grabbed multimedia control keys.

(wrapper-2.0:31302): Gtk-CRITICAL **: 18:26:00.512: gtk_icon_theme_has_icon: assertion 'icon_name != NULL' failed

(wrapper-2.0:31302): Gtk-CRITICAL **: 18:26:00.522: gtk_icon_theme_has_icon: assertion 'icon_name != NULL' failed

(wrapper-2.0:31302): Gtk-CRITICAL **: 18:26:00.522: gtk_icon_theme_has_icon: assertion 'icon_name != NULL' failed

(wrapper-2.0:31299): Gtk-WARNING **: 18:26:00.554: Negative content width -3 (allocation 1, extents 2x2) while allocating gadget (node button, owner PulseaudioButton)

(wrapper-2.0:31302): Gtk-CRITICAL **: 18:26:00.583: gtk_icon_theme_has_icon: assertion 'icon_name != NULL' failed

(wrapper-2.0:31302): Gtk-WARNING **: 18:26:00.590: Negative content width -3 (allocation 1, extents 2x2) while allocating gadget (node button, owner PowerManagerButton)
Xlib:  extension "DPMS" missing on display ":2.0".
Xlib:  extension "DPMS" missing on display ":2.0".
Xlib:  extension "DPMS" missing on display ":2.0".
Xlib:  extension "DPMS" missing on display ":2.0".
Xlib:  extension "DPMS" missing on display ":2.0".
Xlib:  extension "DPMS" missing on display ":2.0".
Xlib:  extension "DPMS" missing on display ":2.0".
Xlib:  extension "DPMS" missing on display ":2.0".
Xlib:  extension "DPMS" missing on display ":2.0".
Xlib:  extension "DPMS" missing on display ":2.0".
Xlib:  extension "DPMS" missing on display ":2.0".
Xlib:  extension "DPMS" missing on display ":2.0".
Xlib:  extension "DPMS" missing on display ":2.0".

10/04/23 18:29:14 Got connection from client 127.0.0.1
10/04/23 18:29:14 Using protocol version 3.8
10/04/23 18:29:24 Full-control authentication passed by 127.0.0.1
10/04/23 18:29:24 rfbProcessClientNormalMessage: ignoring unknown encoding 24
10/04/23 18:29:24 rfbProcessClientNormalMessage: ignoring unknown encoding 15
10/04/23 18:29:24 Using hextile encoding for client 127.0.0.1
10/04/23 18:29:24 rfbProcessClientNormalMessage: ignoring unknown encoding 16
10/04/23 18:29:24 rfbProcessClientNormalMessage: ignoring unknown encoding 22
10/04/23 18:29:24 rfbProcessClientNormalMessage: ignoring unknown encoding 21
10/04/23 18:29:24 rfbProcessClientNormalMessage: ignoring unknown encoding -314
10/04/23 18:29:24 Enabling full-color cursor updates for client 127.0.0.1
10/04/23 18:29:24 rfbProcessClientNormalMessage: ignoring unknown encoding -223
10/04/23 18:29:24 Pixel format for client 127.0.0.1:
10/04/23 18:29:24   32 bpp, depth 24, little endian
10/04/23 18:29:24   true colour: max r 255 g 255 b 255, shift r 16 g 8 b 0
10/04/23 18:29:24   no translation needed
Xlib:  extension "DPMS" missing on display ":2.0".
Xlib:  extension "DPMS" missing on display ":2.0".

(xfsettingsd:31621): xfsettingsd-ERROR **: 18:29:55.241: Unable to open display.
