08/04/23 18:07:16 Xvnc version TightVNC-1.3.10
08/04/23 18:07:16 Copyright (C) 2000-2009 TightVNC Group
08/04/23 18:07:16 Copyright (C) 1999 AT&T Laboratories Cambridge
08/04/23 18:07:16 All Rights Reserved.
08/04/23 18:07:16 See http://www.tightvnc.com/ for information on TightVNC
08/04/23 18:07:16 Desktop name 'X' (ip-172-31-91-146:2)
08/04/23 18:07:16 Protocol versions supported: 3.3, 3.7, 3.8, 3.7t, 3.8t
08/04/23 18:07:16 Listening for VNC connections on TCP port 5902
Font directory '/usr/share/fonts/X11/75dpi/' not found - ignoring
Font directory '/usr/share/fonts/X11/100dpi/' not found - ignoring
xrdb: No such file or directory
xrdb: can't open file '/home/ubuntu/.Xresources'
/usr/bin/startxfce4: X server already running on display :2
gpg-agent: a gpg-agent is already running - not starting a new one

** (xfce4-session:838449): WARNING **: 18:07:17.754: AT-SPI: Could not obtain desktop path or name


** (xfce4-session:838449): WARNING **: 18:07:17.761: AT-SPI: Could not obtain desktop path or name


** (xfce4-session:838449): WARNING **: 18:07:17.761: atk-bridge: get_device_events_reply: unknown signature

** (xfce4-session:838449): WARNING **: 18:07:17.761: atk-bridge: get_device_events_reply: unknown signature

** (xfce4-session:838449): WARNING **: 18:07:17.761: atk-bridge: GetRegisteredEvents returned message with unknown signature

** (xfce4-session:838449): WARNING **: 18:07:17.768: AT-SPI: Could not obtain desktop path or name


** (xfce4-session:838449): WARNING **: 18:07:17.768: atk-bridge: get_device_events_reply: unknown signature

** (xfce4-session:838449): WARNING **: 18:07:17.768: atk-bridge: get_device_events_reply: unknown signature

** (xfce4-session:838449): WARNING **: 18:07:17.768: atk-bridge: GetRegisteredEvents returned message with unknown signature

(xfwm4:838482): xfwm4-WARNING **: 18:07:17.810: XSync extension too old (3.0).

(xfwm4:838482): xfwm4-WARNING **: 18:07:17.810: The display does not support the XRender extension.

(xfwm4:838482): xfwm4-WARNING **: 18:07:17.810: The display does not support the XRandr extension.

(xfwm4:838482): xfwm4-WARNING **: 18:07:17.810: The display does not support the XRes extension.

(xfwm4:838482): xfwm4-WARNING **: 18:07:17.810: The display does not support the XComposite extension.

(xfwm4:838482): xfwm4-WARNING **: 18:07:17.810: The display does not support the XDamage extension.

(xfwm4:838482): xfwm4-WARNING **: 18:07:17.810: The display does not support the XFixes extension.

(xfwm4:838482): xfwm4-WARNING **: 18:07:17.810: The display does not support the XPresent extension.

(xfwm4:838482): xfwm4-WARNING **: 18:07:17.810: Compositing manager disabled.

** (xfce4-session:838449): WARNING **: 18:07:17.818: AT-SPI: Could not obtain desktop path or name

xfwm4-Message: 18:07:17.845: Unsupported keyboard modifier '<Super>Tab'
xfwm4-Message: 18:07:17.845: Unsupported keyboard modifier '<Super>KP_Up'
xfwm4-Message: 18:07:17.845: Unsupported keyboard modifier '<Super>KP_Left'
xfwm4-Message: 18:07:17.845: Unsupported keyboard modifier '<Super>KP_Right'
xfwm4-Message: 18:07:17.845: Unsupported keyboard modifier '<Super>KP_Down'
xfwm4-Message: 18:07:17.845: Unsupported keyboard modifier '<Super>KP_End'
xfwm4-Message: 18:07:17.845: Unsupported keyboard modifier '<Super>KP_Next'
xfwm4-Message: 18:07:17.845: Unsupported keyboard modifier '<Super>KP_Home'
xfwm4-Message: 18:07:17.845: Unsupported keyboard modifier '<Super>KP_Page_Up'

(xfwm4:838482): xfwm4-WARNING **: 18:07:17.856: Cannot find visual format on screen 0

(xfwm4:838482): GLib-CRITICAL **: 18:07:17.856: g_hash_table_destroy: assertion 'hash_table != NULL' failed

** (xfwm4:838482): WARNING **: 18:07:17.859: AT-SPI: Could not obtain desktop path or name


** (xfce4-session:838449): WARNING **: 18:07:17.867: AT-SPI: Could not obtain desktop path or name


** (xfwm4:838482): WARNING **: 18:07:17.867: AT-SPI: Could not obtain desktop path or name


** (xfwm4:838482): WARNING **: 18:07:17.867: atk-bridge: get_device_events_reply: unknown signature

** (xfwm4:838482): WARNING **: 18:07:17.867: atk-bridge: get_device_events_reply: unknown signature

** (xfwm4:838482): WARNING **: 18:07:17.867: atk-bridge: GetRegisteredEvents returned message with unknown signature

** (xfce4-session:838449): WARNING **: 18:07:17.873: AT-SPI: Could not obtain desktop path or name


** (xfwm4:838482): WARNING **: 18:07:17.873: AT-SPI: Could not obtain desktop path or name


** (xfwm4:838482): WARNING **: 18:07:17.873: atk-bridge: get_device_events_reply: unknown signature

** (xfwm4:838482): WARNING **: 18:07:17.873: atk-bridge: get_device_events_reply: unknown signature

** (xfwm4:838482): WARNING **: 18:07:17.873: atk-bridge: GetRegisteredEvents returned message with unknown signature

(xfsettingsd:838494): xfsettingsd-CRITICAL **: 18:07:17.889: No RANDR extension found in display :2. Display settings won't be applied.
Xlib:  extension "XInputExtension" missing on display ":2".

(xfsettingsd:838494): xfsettingsd-CRITICAL **: 18:07:17.889: XI is not present.

(xfsettingsd:838494): xfsettingsd-CRITICAL **: 18:07:17.889: Failed to initialize the Xkb extension.

(xfsettingsd:838494): xfsettingsd-CRITICAL **: 18:07:17.889: Failed to initialize the Accessibility extension.
xfwm4-Message: 18:07:17.966: Unsupported keyboard modifier '<Super>Tab'
xfwm4-Message: 18:07:17.966: Unsupported keyboard modifier '<Super>KP_Up'
xfwm4-Message: 18:07:17.966: Unsupported keyboard modifier '<Super>KP_Left'
xfwm4-Message: 18:07:17.966: Unsupported keyboard modifier '<Super>KP_Right'
xfwm4-Message: 18:07:17.966: Unsupported keyboard modifier '<Super>KP_Down'
xfwm4-Message: 18:07:17.966: Unsupported keyboard modifier '<Super>KP_End'
xfwm4-Message: 18:07:17.966: Unsupported keyboard modifier '<Super>KP_Next'
xfwm4-Message: 18:07:17.966: Unsupported keyboard modifier '<Super>KP_Home'
xfwm4-Message: 18:07:17.966: Unsupported keyboard modifier '<Super>KP_Page_Up'

** (xfwm4:838482): WARNING **: 18:07:17.978: AT-SPI: Could not obtain desktop path or name


** (xfwm4:838482): WARNING **: 18:07:17.986: AT-SPI: Could not obtain desktop path or name


** (xfwm4:838482): WARNING **: 18:07:17.986: AT-SPI: Could not obtain desktop path or name


** (xfce4-session:838449): WARNING **: 18:07:17.993: AT-SPI: Could not obtain desktop path or name


** (xfce4-session:838449): WARNING **: 18:07:17.993: AT-SPI: Could not obtain desktop path or name


** (xfsettingsd:838494): WARNING **: 18:07:17.997: AT-SPI: Could not obtain desktop path or name


** (xfce4-panel:838505): WARNING **: 18:07:18.002: AT-SPI: Could not obtain desktop path or name


** (xfwm4:838482): WARNING **: 18:07:18.002: AT-SPI: Could not obtain desktop path or name


** (xfce4-panel:838505): WARNING **: 18:07:18.002: AT-SPI: Could not obtain desktop path or name


** (xfce4-session:838449): WARNING **: 18:07:18.003: AT-SPI: Could not obtain desktop path or name


** (xfce4-session:838449): WARNING **: 18:07:18.003: AT-SPI: Could not obtain desktop path or name


** (xfce4-session:838449): WARNING **: 18:07:18.009: AT-SPI: Could not obtain desktop path or name


** (xfwm4:838482): WARNING **: 18:07:18.009: AT-SPI: Could not obtain desktop path or name


** (xfce4-panel:838505): WARNING **: 18:07:18.009: AT-SPI: Could not obtain desktop path or name


** (xfce4-panel:838505): WARNING **: 18:07:18.009: atk-bridge: get_device_events_reply: unknown signature

** (xfce4-panel:838505): WARNING **: 18:07:18.009: atk-bridge: get_device_events_reply: unknown signature

** (xfce4-panel:838505): WARNING **: 18:07:18.009: atk-bridge: GetRegisteredEvents returned message with unknown signature

** (xfce4-panel:838505): WARNING **: 18:07:18.009: atk-bridge: get_device_events_reply: unknown signature

** (xfce4-panel:838505): WARNING **: 18:07:18.009: atk-bridge: get_device_events_reply: unknown signature

** (xfce4-panel:838505): WARNING **: 18:07:18.009: atk-bridge: GetRegisteredEvents returned message with unknown signature

** (xfwm4:838482): WARNING **: 18:07:18.017: AT-SPI: Could not obtain desktop path or name


** (xfce4-panel:838505): WARNING **: 18:07:18.017: AT-SPI: Could not obtain desktop path or name


** (xfce4-panel:838505): WARNING **: 18:07:18.017: atk-bridge: get_device_events_reply: unknown signature

** (xfce4-session:838449): WARNING **: 18:07:18.017: AT-SPI: Could not obtain desktop path or name


** (xfce4-panel:838505): WARNING **: 18:07:18.017: atk-bridge: get_device_events_reply: unknown signature

** (xfce4-panel:838505): WARNING **: 18:07:18.017: atk-bridge: GetRegisteredEvents returned message with unknown signature

** (xfsettingsd:838494): WARNING **: 18:07:18.045: AT-SPI: Could not obtain desktop path or name


** (xfsettingsd:838494): WARNING **: 18:07:18.045: AT-SPI: Could not obtain desktop path or name


** (xfsettingsd:838494): WARNING **: 18:07:18.045: atk-bridge: get_device_events_reply: unknown signature

** (xfsettingsd:838494): WARNING **: 18:07:18.045: atk-bridge: get_device_events_reply: unknown signature

** (xfsettingsd:838494): WARNING **: 18:07:18.045: atk-bridge: GetRegisteredEvents returned message with unknown signature

** (xfsettingsd:838494): WARNING **: 18:07:18.064: AT-SPI: Could not obtain desktop path or name


** (xfsettingsd:838494): WARNING **: 18:07:18.064: AT-SPI: Could not obtain desktop path or name


** (xfsettingsd:838494): WARNING **: 18:07:18.064: atk-bridge: get_device_events_reply: unknown signature

** (xfsettingsd:838494): WARNING **: 18:07:18.064: atk-bridge: get_device_events_reply: unknown signature

** (xfsettingsd:838494): WARNING **: 18:07:18.064: atk-bridge: GetRegisteredEvents returned message with unknown signature

** (xfsettingsd:838494): WARNING **: 18:07:18.064: atk-bridge: get_device_events_reply: unknown signature

** (xfsettingsd:838494): WARNING **: 18:07:18.064: atk-bridge: get_device_events_reply: unknown signature

** (xfsettingsd:838494): WARNING **: 18:07:18.064: atk-bridge: GetRegisteredEvents returned message with unknown signature

** (xfsettingsd:838494): WARNING **: 18:07:18.064: AT-SPI: Could not obtain desktop path or name


** (xfce4-session:838449): WARNING **: 18:07:18.072: AT-SPI: Could not obtain desktop path or name


** (xfsettingsd:838494): WARNING **: 18:07:18.072: AT-SPI: Could not obtain desktop path or name


** (xfsettingsd:838494): WARNING **: 18:07:18.072: AT-SPI: Could not obtain desktop path or name


** (xfce4-session:838449): WARNING **: 18:07:18.072: AT-SPI: Could not obtain desktop path or name


** (xfwm4:838482): WARNING **: 18:07:18.072: AT-SPI: Could not obtain desktop path or name


** (xfwm4:838482): WARNING **: 18:07:18.072: AT-SPI: Could not obtain desktop path or name


** (xfce4-session:838449): WARNING **: 18:07:18.089: AT-SPI: Could not obtain desktop path or name


** (xfsettingsd:838494): WARNING **: 18:07:18.089: AT-SPI: Could not obtain desktop path or name


** (xfwm4:838482): WARNING **: 18:07:18.089: AT-SPI: Could not obtain desktop path or name


** (Thunar:838513): WARNING **: 18:07:18.090: AT-SPI: Could not obtain desktop path or name


** (Thunar:838513): WARNING **: 18:07:18.090: AT-SPI: Could not obtain desktop path or name


** (Thunar:838513): WARNING **: 18:07:18.090: AT-SPI: Could not obtain desktop path or name


** (xfce4-session:838449): WARNING **: 18:07:18.096: AT-SPI: Could not obtain desktop path or name


** (xfwm4:838482): WARNING **: 18:07:18.096: AT-SPI: Could not obtain desktop path or name


** (xfsettingsd:838494): WARNING **: 18:07:18.096: AT-SPI: Could not obtain desktop path or name


** (Thunar:838513): WARNING **: 18:07:18.096: AT-SPI: Could not obtain desktop path or name


** (Thunar:838513): WARNING **: 18:07:18.096: atk-bridge: get_device_events_reply: unknown signature

** (Thunar:838513): WARNING **: 18:07:18.096: atk-bridge: get_device_events_reply: unknown signature

** (Thunar:838513): WARNING **: 18:07:18.096: atk-bridge: GetRegisteredEvents returned message with unknown signature

** (Thunar:838513): WARNING **: 18:07:18.096: atk-bridge: get_device_events_reply: unknown signature

** (Thunar:838513): WARNING **: 18:07:18.096: atk-bridge: get_device_events_reply: unknown signature

** (Thunar:838513): WARNING **: 18:07:18.097: atk-bridge: GetRegisteredEvents returned message with unknown signature

** (Thunar:838513): WARNING **: 18:07:18.097: atk-bridge: get_device_events_reply: unknown signature

** (Thunar:838513): WARNING **: 18:07:18.097: atk-bridge: get_device_events_reply: unknown signature

** (Thunar:838513): WARNING **: 18:07:18.097: atk-bridge: GetRegisteredEvents returned message with unknown signature

** (xfce4-session:838449): WARNING **: 18:07:18.103: AT-SPI: Could not obtain desktop path or name


** (xfwm4:838482): WARNING **: 18:07:18.103: AT-SPI: Could not obtain desktop path or name


** (xfsettingsd:838494): WARNING **: 18:07:18.103: AT-SPI: Could not obtain desktop path or name


** (Thunar:838513): WARNING **: 18:07:18.103: AT-SPI: Could not obtain desktop path or name


** (Thunar:838513): WARNING **: 18:07:18.103: atk-bridge: get_device_events_reply: unknown signature

** (Thunar:838513): WARNING **: 18:07:18.103: atk-bridge: get_device_events_reply: unknown signature

** (Thunar:838513): WARNING **: 18:07:18.104: atk-bridge: GetRegisteredEvents returned message with unknown signature

** (xfce4-session:838449): WARNING **: 18:07:18.117: AT-SPI: Could not obtain desktop path or name


** (xfwm4:838482): WARNING **: 18:07:18.117: AT-SPI: Could not obtain desktop path or name


** (Thunar:838513): WARNING **: 18:07:18.117: AT-SPI: Could not obtain desktop path or name


** (xfsettingsd:838494): WARNING **: 18:07:18.118: AT-SPI: Could not obtain desktop path or name


** (xfdesktop:838526): WARNING **: 18:07:18.118: AT-SPI: Could not obtain desktop path or name


** (xfwm4:838482): WARNING **: 18:07:18.125: AT-SPI: Could not obtain desktop path or name


** (Thunar:838513): WARNING **: 18:07:18.125: AT-SPI: Could not obtain desktop path or name


** (xfsettingsd:838494): WARNING **: 18:07:18.125: AT-SPI: Could not obtain desktop path or name


** (xfce4-session:838449): WARNING **: 18:07:18.125: AT-SPI: Could not obtain desktop path or name


** (xfdesktop:838526): WARNING **: 18:07:18.125: AT-SPI: Could not obtain desktop path or name


** (xfdesktop:838526): WARNING **: 18:07:18.125: atk-bridge: get_device_events_reply: unknown signature

** (xfdesktop:838526): WARNING **: 18:07:18.125: atk-bridge: get_device_events_reply: unknown signature

** (xfdesktop:838526): WARNING **: 18:07:18.125: atk-bridge: GetRegisteredEvents returned message with unknown signature

** (xfdesktop:838526): WARNING **: 18:07:18.133: AT-SPI: Could not obtain desktop path or name


** (xfce4-session:838449): WARNING **: 18:07:18.133: AT-SPI: Could not obtain desktop path or name


** (Thunar:838513): WARNING **: 18:07:18.133: AT-SPI: Could not obtain desktop path or name


** (xfwm4:838482): WARNING **: 18:07:18.133: AT-SPI: Could not obtain desktop path or name


** (xfsettingsd:838494): WARNING **: 18:07:18.133: AT-SPI: Could not obtain desktop path or name


** (xfdesktop:838526): WARNING **: 18:07:18.133: atk-bridge: get_device_events_reply: unknown signature

** (xfdesktop:838526): WARNING **: 18:07:18.133: atk-bridge: get_device_events_reply: unknown signature

** (xfdesktop:838526): WARNING **: 18:07:18.133: atk-bridge: GetRegisteredEvents returned message with unknown signature
AUDIT: Sat Apr  8 18:07:18 2023: 838441 Xtightvnc: client 8 rejected from local host
Failure: Module initialization failed

** (xiccd:838563): CRITICAL **: 18:07:18.328: RandR extension is not working on display :2.0

** (xfce4-power-manager:838551): WARNING **: 18:07:18.332: Failed to get name owner: GDBus.Error:org.freedesktop.DBus.Error.NameHasNoOwner: Could not get owner of name 'org.freedesktop.PowerManagement': no such name


** (xfce4-power-manager:838551): WARNING **: 18:07:18.332: Failed to get name owner: GDBus.Error:org.freedesktop.DBus.Error.NameHasNoOwner: Could not get owner of name 'org.xfce.PowerManager': no such name

Xlib:  extension "DPMS" missing on display ":2.0".

(xfce4-power-manager:838551): xfce4-power-manager-WARNING **: 18:07:18.335: Monitor is not DPMS capable

(polkit-gnome-authentication-agent-1:838549): GLib-CRITICAL **: 18:07:18.347: g_variant_new_string: assertion 'string != NULL' failed

(polkit-gnome-authentication-agent-1:838549): polkit-gnome-1-WARNING **: 18:07:18.348: Failed to register client: GDBus.Error:org.freedesktop.DBus.Error.ServiceUnknown: The name org.gnome.SessionManager was not provided by any .service files

** (xfce4-notifyd:838553): WARNING **: 18:07:18.369: AT-SPI: Could not obtain desktop path or name


** (polkit-gnome-authentication-agent-1:838549): WARNING **: 18:07:18.370: AT-SPI: Could not obtain desktop path or name


** (xfce4-session:838449): WARNING **: 18:07:18.380: AT-SPI: Could not obtain desktop path or name


** (xfce4-notifyd:838553): WARNING **: 18:07:18.380: AT-SPI: Could not obtain desktop path or name


** (xfce4-session:838449): WARNING **: 18:07:18.380: AT-SPI: Could not obtain desktop path or name


** (xfce4-notifyd:838553): WARNING **: 18:07:18.380: atk-bridge: get_device_events_reply: unknown signature

** (polkit-gnome-authentication-agent-1:838549): WARNING **: 18:07:18.380: AT-SPI: Could not obtain desktop path or name


** (xfce4-notifyd:838553): WARNING **: 18:07:18.380: atk-bridge: get_device_events_reply: unknown signature

** (xfce4-notifyd:838553): WARNING **: 18:07:18.380: atk-bridge: GetRegisteredEvents returned message with unknown signature

** (polkit-gnome-authentication-agent-1:838549): WARNING **: 18:07:18.380: atk-bridge: get_device_events_reply: unknown signature

** (polkit-gnome-authentication-agent-1:838549): WARNING **: 18:07:18.380: atk-bridge: get_device_events_reply: unknown signature

** (polkit-gnome-authentication-agent-1:838549): WARNING **: 18:07:18.380: atk-bridge: GetRegisteredEvents returned message with unknown signature

** (Thunar:838513): WARNING **: 18:07:18.380: AT-SPI: Could not obtain desktop path or name


** (Thunar:838513): WARNING **: 18:07:18.380: AT-SPI: Could not obtain desktop path or name


** (xfwm4:838482): WARNING **: 18:07:18.380: AT-SPI: Could not obtain desktop path or name


** (xfwm4:838482): WARNING **: 18:07:18.380: AT-SPI: Could not obtain desktop path or name


** (xfsettingsd:838494): WARNING **: 18:07:18.382: AT-SPI: Could not obtain desktop path or name


** (xfsettingsd:838494): WARNING **: 18:07:18.382: AT-SPI: Could not obtain desktop path or name


** (xfwm4:838482): WARNING **: 18:07:18.396: AT-SPI: Could not obtain desktop path or name


** (xfce4-notifyd:838553): WARNING **: 18:07:18.396: AT-SPI: Could not obtain desktop path or name


** (xfce4-session:838449): WARNING **: 18:07:18.396: AT-SPI: Could not obtain desktop path or name


** (xfce4-notifyd:838553): WARNING **: 18:07:18.396: atk-bridge: get_device_events_reply: unknown signature

** (polkit-gnome-authentication-agent-1:838549): WARNING **: 18:07:18.396: AT-SPI: Could not obtain desktop path or name


** (xfce4-notifyd:838553): WARNING **: 18:07:18.396: atk-bridge: get_device_events_reply: unknown signature

** (xfce4-notifyd:838553): WARNING **: 18:07:18.396: atk-bridge: GetRegisteredEvents returned message with unknown signature

** (polkit-gnome-authentication-agent-1:838549): WARNING **: 18:07:18.396: atk-bridge: get_device_events_reply: unknown signature

** (polkit-gnome-authentication-agent-1:838549): WARNING **: 18:07:18.396: atk-bridge: get_device_events_reply: unknown signature

** (xfsettingsd:838494): WARNING **: 18:07:18.396: AT-SPI: Could not obtain desktop path or name


** (polkit-gnome-authentication-agent-1:838549): WARNING **: 18:07:18.396: atk-bridge: GetRegisteredEvents returned message with unknown signature

** (Thunar:838513): WARNING **: 18:07:18.396: AT-SPI: Could not obtain desktop path or name


(xfce4-power-manager:838551): GLib-GObject-WARNING **: 18:07:18.431: ../../../gobject/gsignal.c:2613: signal 'Changed' is invalid for instance '0x56278c2aa890' of type 'GDBusProxy'

(xfce4-power-manager:838551): xfce4-power-manager-WARNING **: 18:07:18.457: could not map keysym 1008ff2a to keycode


(xfce4-power-manager:838551): xfce4-power-manager-WARNING **: 18:07:18.457: could not map keysym 1008ffa8 to keycode


(xfce4-power-manager:838551): xfce4-power-manager-WARNING **: 18:07:18.457: could not map keysym 1008ffa7 to keycode


(xfce4-power-manager:838551): xfce4-power-manager-WARNING **: 18:07:18.457: could not map keysym 1008ff2f to keycode


(xfce4-power-manager:838551): xfce4-power-manager-WARNING **: 18:07:18.457: could not map keysym 1008ff02 to keycode


(xfce4-power-manager:838551): xfce4-power-manager-WARNING **: 18:07:18.457: could not map keysym 1008ff03 to keycode


(xfce4-power-manager:838551): xfce4-power-manager-WARNING **: 18:07:18.457: could not map keysym 1008ff93 to keycode


(xfce4-power-manager:838551): xfce4-power-manager-WARNING **: 18:07:18.457: could not map keysym 1008ff05 to keycode


(xfce4-power-manager:838551): xfce4-power-manager-WARNING **: 18:07:18.457: could not map keysym 1008ff06 to keycode


(xfce4-power-manager:838551): xfce4-power-manager-WARNING **: 18:07:18.457: No idle counter.

(xfce4-power-manager:838551): xfce4-power-manager-WARNING **: 18:07:18.466: Unable to inhibit systemd sleep: GDBus.Error:org.freedesktop.DBus.Error.AccessDenied: Permission denied

** (xfce4-power-manager:838551): WARNING **: 18:07:18.466: No XRANDR extension found

(xfce4-power-manager:838551): xfce4-power-manager-WARNING **: 18:07:18.478: Failed to get keyboard max brightness level : GDBus.Error:org.freedesktop.DBus.Error.UnknownMethod: Object does not exist at path “/org/freedesktop/UPower/KbdBacklight”

** (xfwm4:838482): WARNING **: 18:07:18.499: AT-SPI: Could not obtain desktop path or name


** (xfce4-notifyd:838553): WARNING **: 18:07:18.499: AT-SPI: Could not obtain desktop path or name


** (xfce4-power-manager:838551): WARNING **: 18:07:18.499: AT-SPI: Could not obtain desktop path or name


** (xfsettingsd:838494): WARNING **: 18:07:18.499: AT-SPI: Could not obtain desktop path or name


** (polkit-gnome-authentication-agent-1:838549): WARNING **: 18:07:18.499: AT-SPI: Could not obtain desktop path or name


** (xfce4-power-manager:838551): WARNING **: 18:07:18.499: AT-SPI: Could not obtain desktop path or name


** (xfce4-screensaver:838552): WARNING **: 18:07:18.499: AT-SPI: Could not obtain desktop path or name


** (Thunar:838513): WARNING **: 18:07:18.499: AT-SPI: Could not obtain desktop path or name


** (xfce4-power-manager:838551): WARNING **: 18:07:18.499: AT-SPI: Could not obtain desktop path or name


** (xfce4-screensaver:838552): WARNING **: 18:07:18.499: AT-SPI: Could not obtain desktop path or name


** (xfce4-power-manager:838551): WARNING **: 18:07:18.499: AT-SPI: Could not obtain desktop path or name


** (xfce4-session:838449): WARNING **: 18:07:18.499: AT-SPI: Could not obtain desktop path or name


** (xfce4-screensaver:838552): WARNING **: 18:07:18.499: AT-SPI: Could not obtain desktop path or name


** (xfce4-screensaver:838552): WARNING **: 18:07:18.499: AT-SPI: Could not obtain desktop path or name


** (xfce4-power-manager:838551): WARNING **: 18:07:18.509: AT-SPI: Could not obtain desktop path or name


** (xfce4-notifyd:838553): WARNING **: 18:07:18.509: AT-SPI: Could not obtain desktop path or name


** (xfsettingsd:838494): WARNING **: 18:07:18.509: AT-SPI: Could not obtain desktop path or name


** (xfce4-screensaver:838552): WARNING **: 18:07:18.509: AT-SPI: Could not obtain desktop path or name


** (xfce4-screensaver:838552): WARNING **: 18:07:18.509: atk-bridge: get_device_events_reply: unknown signature

** (xfwm4:838482): WARNING **: 18:07:18.509: AT-SPI: Could not obtain desktop path or name


** (xfce4-screensaver:838552): WARNING **: 18:07:18.509: atk-bridge: get_device_events_reply: unknown signature

** (xfce4-screensaver:838552): WARNING **: 18:07:18.509: atk-bridge: GetRegisteredEvents returned message with unknown signature

** (xfce4-screensaver:838552): WARNING **: 18:07:18.509: atk-bridge: get_device_events_reply: unknown signature

** (xfce4-screensaver:838552): WARNING **: 18:07:18.509: atk-bridge: get_device_events_reply: unknown signature

** (xfce4-screensaver:838552): WARNING **: 18:07:18.509: atk-bridge: GetRegisteredEvents returned message with unknown signature

** (xfce4-screensaver:838552): WARNING **: 18:07:18.509: atk-bridge: get_device_events_reply: unknown signature

** (xfce4-screensaver:838552): WARNING **: 18:07:18.509: atk-bridge: get_device_events_reply: unknown signature

** (xfce4-screensaver:838552): WARNING **: 18:07:18.509: atk-bridge: GetRegisteredEvents returned message with unknown signature

** (xfce4-screensaver:838552): WARNING **: 18:07:18.509: atk-bridge: get_device_events_reply: unknown signature

** (xfce4-screensaver:838552): WARNING **: 18:07:18.509: atk-bridge: get_device_events_reply: unknown signature

** (xfce4-screensaver:838552): WARNING **: 18:07:18.509: atk-bridge: GetRegisteredEvents returned message with unknown signature

** (xfce4-power-manager:838551): WARNING **: 18:07:18.510: atk-bridge: get_device_events_reply: unknown signature

** (xfce4-power-manager:838551): WARNING **: 18:07:18.510: atk-bridge: get_device_events_reply: unknown signature

** (xfce4-power-manager:838551): WARNING **: 18:07:18.510: atk-bridge: GetRegisteredEvents returned message with unknown signature

** (xfce4-power-manager:838551): WARNING **: 18:07:18.510: atk-bridge: get_device_events_reply: unknown signature

** (xfce4-power-manager:838551): WARNING **: 18:07:18.510: atk-bridge: get_device_events_reply: unknown signature

** (xfce4-power-manager:838551): WARNING **: 18:07:18.510: atk-bridge: GetRegisteredEvents returned message with unknown signature

** (xfce4-power-manager:838551): WARNING **: 18:07:18.510: atk-bridge: get_device_events_reply: unknown signature

** (xfce4-session:838449): WARNING **: 18:07:18.510: AT-SPI: Could not obtain desktop path or name


** (xfce4-power-manager:838551): WARNING **: 18:07:18.510: atk-bridge: get_device_events_reply: unknown signature

** (xfce4-power-manager:838551): WARNING **: 18:07:18.510: atk-bridge: GetRegisteredEvents returned message with unknown signature

** (xfce4-power-manager:838551): WARNING **: 18:07:18.510: atk-bridge: get_device_events_reply: unknown signature

** (xfce4-power-manager:838551): WARNING **: 18:07:18.510: atk-bridge: get_device_events_reply: unknown signature

** (xfce4-power-manager:838551): WARNING **: 18:07:18.510: atk-bridge: GetRegisteredEvents returned message with unknown signature

** (polkit-gnome-authentication-agent-1:838549): WARNING **: 18:07:18.510: AT-SPI: Could not obtain desktop path or name


** (Thunar:838513): WARNING **: 18:07:18.510: AT-SPI: Could not obtain desktop path or name


** (Thunar:838513): WARNING **: 18:07:18.517: AT-SPI: Could not obtain desktop path or name


** (xfce4-notifyd:838553): WARNING **: 18:07:18.517: AT-SPI: Could not obtain desktop path or name


** (xfce4-session:838449): WARNING **: 18:07:18.517: AT-SPI: Could not obtain desktop path or name


** (xfsettingsd:838494): WARNING **: 18:07:18.517: AT-SPI: Could not obtain desktop path or name


** (xfce4-screensaver:838552): WARNING **: 18:07:18.517: AT-SPI: Could not obtain desktop path or name


** (xfce4-screensaver:838552): WARNING **: 18:07:18.517: atk-bridge: get_device_events_reply: unknown signature

** (xfwm4:838482): WARNING **: 18:07:18.517: AT-SPI: Could not obtain desktop path or name


** (xfce4-screensaver:838552): WARNING **: 18:07:18.517: atk-bridge: get_device_events_reply: unknown signature

** (xfce4-screensaver:838552): WARNING **: 18:07:18.517: atk-bridge: GetRegisteredEvents returned message with unknown signature

** (polkit-gnome-authentication-agent-1:838549): WARNING **: 18:07:18.517: AT-SPI: Could not obtain desktop path or name


** (xfce4-power-manager:838551): WARNING **: 18:07:18.517: AT-SPI: Could not obtain desktop path or name


** (xfce4-power-manager:838551): WARNING **: 18:07:18.517: atk-bridge: get_device_events_reply: unknown signature

** (xfce4-power-manager:838551): WARNING **: 18:07:18.517: atk-bridge: get_device_events_reply: unknown signature

** (xfce4-power-manager:838551): WARNING **: 18:07:18.517: atk-bridge: GetRegisteredEvents returned message with unknown signature

** (xfce4-session:838449): WARNING **: 18:07:18.547: AT-SPI: Could not obtain desktop path or name


** (xfwm4:838482): WARNING **: 18:07:18.547: AT-SPI: Could not obtain desktop path or name


** (xfce4-notifyd:838553): WARNING **: 18:07:18.547: AT-SPI: Could not obtain desktop path or name


** (xfce4-power-manager:838551): WARNING **: 18:07:18.547: AT-SPI: Could not obtain desktop path or name


** (xfsettingsd:838494): WARNING **: 18:07:18.547: AT-SPI: Could not obtain desktop path or name


** (xfce4-screensaver:838552): WARNING **: 18:07:18.547: AT-SPI: Could not obtain desktop path or name


** (polkit-gnome-authentication-agent-1:838549): WARNING **: 18:07:18.547: AT-SPI: Could not obtain desktop path or name


** (Thunar:838513): WARNING **: 18:07:18.547: AT-SPI: Could not obtain desktop path or name


** (xfdesktop:838526): WARNING **: 18:07:18.554: AT-SPI: Could not obtain desktop path or name


** (xfdesktop:838526): WARNING **: 18:07:18.554: AT-SPI: Could not obtain desktop path or name


** (xfdesktop:838526): WARNING **: 18:07:18.554: AT-SPI: Could not obtain desktop path or name


** (xfdesktop:838526): WARNING **: 18:07:18.554: AT-SPI: Could not obtain desktop path or name


** (xfdesktop:838526): WARNING **: 18:07:18.555: AT-SPI: Could not obtain desktop path or name


** (xfdesktop:838526): WARNING **: 18:07:18.555: AT-SPI: Could not obtain desktop path or name


** (xfce4-session:838449): WARNING **: 18:07:18.562: AT-SPI: Could not obtain desktop path or name


** (xfce4-notifyd:838553): WARNING **: 18:07:18.562: AT-SPI: Could not obtain desktop path or name


** (xfce4-power-manager:838551): WARNING **: 18:07:18.562: AT-SPI: Could not obtain desktop path or name


** (xfce4-screensaver:838552): WARNING **: 18:07:18.562: AT-SPI: Could not obtain desktop path or name


** (Thunar:838513): WARNING **: 18:07:18.562: AT-SPI: Could not obtain desktop path or name


** (polkit-gnome-authentication-agent-1:838549): WARNING **: 18:07:18.562: AT-SPI: Could not obtain desktop path or name


** (xfwm4:838482): WARNING **: 18:07:18.562: AT-SPI: Could not obtain desktop path or name


** (xfsettingsd:838494): WARNING **: 18:07:18.562: AT-SPI: Could not obtain desktop path or name


** (xfdesktop:838526): WARNING **: 18:07:18.604: AT-SPI: Could not obtain desktop path or name


** (xfce4-session:838449): WARNING **: 18:07:18.612: AT-SPI: Could not obtain desktop path or name


** (xfwm4:838482): WARNING **: 18:07:18.612: AT-SPI: Could not obtain desktop path or name


** (xfce4-notifyd:838553): WARNING **: 18:07:18.612: AT-SPI: Could not obtain desktop path or name


** (Thunar:838513): WARNING **: 18:07:18.612: AT-SPI: Could not obtain desktop path or name


** (xfce4-power-manager:838551): WARNING **: 18:07:18.612: AT-SPI: Could not obtain desktop path or name


** (xfce4-screensaver:838552): WARNING **: 18:07:18.612: AT-SPI: Could not obtain desktop path or name


** (polkit-gnome-authentication-agent-1:838549): WARNING **: 18:07:18.612: AT-SPI: Could not obtain desktop path or name


** (xfsettingsd:838494): WARNING **: 18:07:18.612: AT-SPI: Could not obtain desktop path or name


** (xfdesktop:838526): WARNING **: 18:07:18.695: AT-SPI: Could not obtain desktop path or name


** (xfwm4:838482): WARNING **: 18:07:18.704: AT-SPI: Could not obtain desktop path or name


** (xfce4-screensaver:838552): WARNING **: 18:07:18.704: AT-SPI: Could not obtain desktop path or name


** (xfce4-session:838449): WARNING **: 18:07:18.704: AT-SPI: Could not obtain desktop path or name


** (xfce4-notifyd:838553): WARNING **: 18:07:18.704: AT-SPI: Could not obtain desktop path or name


** (xfce4-power-manager:838551): WARNING **: 18:07:18.704: AT-SPI: Could not obtain desktop path or name


** (polkit-gnome-authentication-agent-1:838549): WARNING **: 18:07:18.704: AT-SPI: Could not obtain desktop path or name


** (Thunar:838513): WARNING **: 18:07:18.704: AT-SPI: Could not obtain desktop path or name


** (xfsettingsd:838494): WARNING **: 18:07:18.705: AT-SPI: Could not obtain desktop path or name


** (xfdesktop:838526): WARNING **: 18:07:18.750: AT-SPI: Could not obtain desktop path or name


** (xfce4-session:838449): WARNING **: 18:07:18.759: AT-SPI: Could not obtain desktop path or name


** (xfwm4:838482): WARNING **: 18:07:18.759: AT-SPI: Could not obtain desktop path or name


** (xfce4-notifyd:838553): WARNING **: 18:07:18.759: AT-SPI: Could not obtain desktop path or name


** (xfce4-power-manager:838551): WARNING **: 18:07:18.759: AT-SPI: Could not obtain desktop path or name


** (xfce4-screensaver:838552): WARNING **: 18:07:18.759: AT-SPI: Could not obtain desktop path or name


** (polkit-gnome-authentication-agent-1:838549): WARNING **: 18:07:18.760: AT-SPI: Could not obtain desktop path or name


** (Thunar:838513): WARNING **: 18:07:18.760: AT-SPI: Could not obtain desktop path or name


** (xfsettingsd:838494): WARNING **: 18:07:18.760: AT-SPI: Could not obtain desktop path or name


** (xfdesktop:838526): WARNING **: 18:07:18.764: AT-SPI: Could not obtain desktop path or name


** (xfsettingsd:838494): WARNING **: 18:07:18.772: AT-SPI: Could not obtain desktop path or name


** (xfwm4:838482): WARNING **: 18:07:18.772: AT-SPI: Could not obtain desktop path or name


** (polkit-gnome-authentication-agent-1:838549): WARNING **: 18:07:18.772: AT-SPI: Could not obtain desktop path or name


** (xfce4-session:838449): WARNING **: 18:07:18.772: AT-SPI: Could not obtain desktop path or name


** (xfce4-notifyd:838553): WARNING **: 18:07:18.772: AT-SPI: Could not obtain desktop path or name


** (Thunar:838513): WARNING **: 18:07:18.772: AT-SPI: Could not obtain desktop path or name


** (xfce4-screensaver:838552): WARNING **: 18:07:18.773: AT-SPI: Could not obtain desktop path or name


** (xfce4-power-manager:838551): WARNING **: 18:07:18.773: AT-SPI: Could not obtain desktop path or name


** (xfce4-panel:838505): WARNING **: 18:07:19.175: AT-SPI: Could not obtain desktop path or name


** (xfce4-panel:838505): WARNING **: 18:07:19.175: AT-SPI: Could not obtain desktop path or name


** (xfce4-panel:838505): WARNING **: 18:07:19.175: AT-SPI: Could not obtain desktop path or name


** (xfce4-panel:838505): WARNING **: 18:07:19.175: AT-SPI: Could not obtain desktop path or name


** (xfce4-panel:838505): WARNING **: 18:07:19.175: AT-SPI: Could not obtain desktop path or name


** (xfce4-panel:838505): WARNING **: 18:07:19.175: AT-SPI: Could not obtain desktop path or name


** (xfce4-panel:838505): WARNING **: 18:07:19.175: AT-SPI: Could not obtain desktop path or name


** (xfce4-panel:838505): WARNING **: 18:07:19.175: AT-SPI: Could not obtain desktop path or name


** (xfce4-panel:838505): WARNING **: 18:07:19.175: AT-SPI: Could not obtain desktop path or name


** (xfce4-panel:838505): WARNING **: 18:07:19.175: AT-SPI: Could not obtain desktop path or name


** (xfce4-panel:838505): WARNING **: 18:07:19.175: AT-SPI: Could not obtain desktop path or name


** (xfce4-panel:838505): WARNING **: 18:07:19.175: AT-SPI: Could not obtain desktop path or name


** (xfce4-panel:838505): WARNING **: 18:07:19.175: AT-SPI: Could not obtain desktop path or name


** (xfce4-panel:838505): WARNING **: 18:07:19.175: AT-SPI: Could not obtain desktop path or name


** (xfce4-panel:838505): WARNING **: 18:07:19.175: AT-SPI: Could not obtain desktop path or name


** (xfce4-panel:838505): WARNING **: 18:07:19.175: AT-SPI: Could not obtain desktop path or name


** (xfce4-panel:838505): WARNING **: 18:07:19.175: AT-SPI: Could not obtain desktop path or name


** (xfce4-panel:838505): WARNING **: 18:07:19.175: AT-SPI: Could not obtain desktop path or name


** (xfce4-panel:838505): WARNING **: 18:07:19.175: AT-SPI: Could not obtain desktop path or name


** (xfce4-panel:838505): WARNING **: 18:07:19.175: AT-SPI: Could not obtain desktop path or name


** (xfwm4:838482): WARNING **: 18:07:19.187: AT-SPI: Could not obtain desktop path or name


** (xfwm4:838482): WARNING **: 18:07:19.187: AT-SPI: Could not obtain desktop path or name


** (xfce4-notifyd:838553): WARNING **: 18:07:19.187: AT-SPI: Could not obtain desktop path or name


** (xfce4-screensaver:838552): WARNING **: 18:07:19.187: AT-SPI: Could not obtain desktop path or name


** (xfce4-power-manager:838551): WARNING **: 18:07:19.187: AT-SPI: Could not obtain desktop path or name


** (xfsettingsd:838494): WARNING **: 18:07:19.187: AT-SPI: Could not obtain desktop path or name


** (xfsettingsd:838494): WARNING **: 18:07:19.188: AT-SPI: Could not obtain desktop path or name


** (Thunar:838513): WARNING **: 18:07:19.188: AT-SPI: Could not obtain desktop path or name


** (xfce4-session:838449): WARNING **: 18:07:19.188: AT-SPI: Could not obtain desktop path or name


** (polkit-gnome-authentication-agent-1:838549): WARNING **: 18:07:19.188: AT-SPI: Could not obtain desktop path or name


** (Thunar:838513): WARNING **: 18:07:19.188: AT-SPI: Could not obtain desktop path or name


** (xfce4-notifyd:838553): WARNING **: 18:07:19.188: AT-SPI: Could not obtain desktop path or name


** (polkit-gnome-authentication-agent-1:838549): WARNING **: 18:07:19.188: AT-SPI: Could not obtain desktop path or name


** (xfce4-screensaver:838552): WARNING **: 18:07:19.188: AT-SPI: Could not obtain desktop path or name


** (xfce4-power-manager:838551): WARNING **: 18:07:19.188: AT-SPI: Could not obtain desktop path or name


** (xfce4-session:838449): WARNING **: 18:07:19.188: AT-SPI: Could not obtain desktop path or name


** (xfdesktop:838526): WARNING **: 18:07:19.216: AT-SPI: Could not obtain desktop path or name


** (xfdesktop:838526): WARNING **: 18:07:19.216: AT-SPI: Could not obtain desktop path or name


** (xfce4-panel:838505): WARNING **: 18:07:19.218: AT-SPI: Could not obtain desktop path or name


** (wrapper-2.0:838600): WARNING **: 18:07:19.231: No XRANDR extension found

** (wrapper-2.0:838594): WARNING **: 18:07:19.241: Binding 'XF86AudioLowerVolume' failed!

(wrapper-2.0:838594): pulseaudio-plugin-WARNING **: 18:07:19.241: Could not have grabbed volume control keys. Is another volume control application (xfce4-volumed) running?

** (wrapper-2.0:838594): WARNING **: 18:07:19.241: Binding 'XF86AudioPlay' failed!

(wrapper-2.0:838594): pulseaudio-plugin-WARNING **: 18:07:19.241: Could not have grabbed multimedia control keys.

(wrapper-2.0:838601): GLib-GIO-CRITICAL **: 18:07:19.264: g_file_new_for_path: assertion 'path != NULL' failed

(wrapper-2.0:838601): GLib-GIO-CRITICAL **: 18:07:19.264: g_file_monitor_file: assertion 'G_IS_FILE (file)' failed

(wrapper-2.0:838601): GLib-GObject-WARNING **: 18:07:19.264: invalid (NULL) pointer instance

(wrapper-2.0:838601): GLib-GObject-CRITICAL **: 18:07:19.264: g_signal_connect_data: assertion 'G_TYPE_CHECK_INSTANCE (instance)' failed

(wrapper-2.0:838601): Gtk-WARNING **: 18:07:19.264: Attempting to add a widget with type GtkToggleButton to a container of type XfcePanelPlugin, but the widget is already inside a container of type XfcePanelPlugin, please remove the widget from its existing container first.

** (xfce4-panel:838505): WARNING **: 18:07:19.264: AT-SPI: Could not obtain desktop path or name


** (xfce4-panel:838505): WARNING **: 18:07:19.264: AT-SPI: Could not obtain desktop path or name


** (xfsettingsd:838494): WARNING **: 18:07:19.264: AT-SPI: Could not obtain desktop path or name


** (xfwm4:838482): WARNING **: 18:07:19.264: AT-SPI: Could not obtain desktop path or name


** (polkit-gnome-authentication-agent-1:838549): WARNING **: 18:07:19.264: AT-SPI: Could not obtain desktop path or name


** (xfce4-session:838449): WARNING **: 18:07:19.264: AT-SPI: Could not obtain desktop path or name


** (Thunar:838513): WARNING **: 18:07:19.264: AT-SPI: Could not obtain desktop path or name


** (xfce4-power-manager:838551): WARNING **: 18:07:19.264: AT-SPI: Could not obtain desktop path or name


** (xfce4-notifyd:838553): WARNING **: 18:07:19.264: AT-SPI: Could not obtain desktop path or name


** (xfce4-screensaver:838552): WARNING **: 18:07:19.264: AT-SPI: Could not obtain desktop path or name


(wrapper-2.0:838600): Gtk-CRITICAL **: 18:07:19.270: gtk_icon_theme_has_icon: assertion 'icon_name != NULL' failed

(wrapper-2.0:838600): Gtk-CRITICAL **: 18:07:19.276: gtk_icon_theme_has_icon: assertion 'icon_name != NULL' failed

(wrapper-2.0:838600): Gtk-CRITICAL **: 18:07:19.276: gtk_icon_theme_has_icon: assertion 'icon_name != NULL' failed

** (xfce4-notifyd:838553): WARNING **: 18:07:19.299: AT-SPI: Could not obtain desktop path or name


** (xfce4-screensaver:838552): WARNING **: 18:07:19.300: AT-SPI: Could not obtain desktop path or name


** (xfsettingsd:838494): WARNING **: 18:07:19.300: AT-SPI: Could not obtain desktop path or name


** (xfwm4:838482): WARNING **: 18:07:19.300: AT-SPI: Could not obtain desktop path or name


** (xfce4-session:838449): WARNING **: 18:07:19.300: AT-SPI: Could not obtain desktop path or name


** (xfce4-power-manager:838551): WARNING **: 18:07:19.300: AT-SPI: Could not obtain desktop path or name


** (polkit-gnome-authentication-agent-1:838549): WARNING **: 18:07:19.300: AT-SPI: Could not obtain desktop path or name


** (Thunar:838513): WARNING **: 18:07:19.300: AT-SPI: Could not obtain desktop path or name


** (xfdesktop:838526): WARNING **: 18:07:19.311: AT-SPI: Could not obtain desktop path or name


** (xfdesktop:838526): WARNING **: 18:07:19.311: AT-SPI: Could not obtain desktop path or name


** (Thunar:838513): WARNING **: 18:07:19.338: AT-SPI: Could not obtain desktop path or name


** (polkit-gnome-authentication-agent-1:838549): WARNING **: 18:07:19.338: AT-SPI: Could not obtain desktop path or name


** (xfce4-screensaver:838552): WARNING **: 18:07:19.338: AT-SPI: Could not obtain desktop path or name


** (xfce4-power-manager:838551): WARNING **: 18:07:19.338: AT-SPI: Could not obtain desktop path or name


** (xfce4-notifyd:838553): WARNING **: 18:07:19.338: AT-SPI: Could not obtain desktop path or name


** (xfwm4:838482): WARNING **: 18:07:19.338: AT-SPI: Could not obtain desktop path or name


** (xfce4-session:838449): WARNING **: 18:07:19.338: AT-SPI: Could not obtain desktop path or name


** (xfsettingsd:838494): WARNING **: 18:07:19.338: AT-SPI: Could not obtain desktop path or name


** (xfce4-panel:838505): WARNING **: 18:07:19.365: AT-SPI: Could not obtain desktop path or name


** (wrapper-2.0:838633): WARNING **: 18:07:19.367: AT-SPI: Could not obtain desktop path or name


** (wrapper-2.0:838600): WARNING **: 18:07:19.367: AT-SPI: Could not obtain desktop path or name


** (xfdesktop:838526): WARNING **: 18:07:19.367: AT-SPI: Could not obtain desktop path or name


** (xfdesktop:838526): WARNING **: 18:07:19.367: AT-SPI: Could not obtain desktop path or name


** (wrapper-2.0:838594): WARNING **: 18:07:19.367: AT-SPI: Could not obtain desktop path or name


(wrapper-2.0:838600): Gtk-CRITICAL **: 18:07:19.367: gtk_icon_theme_has_icon: assertion 'icon_name != NULL' failed

** (wrapper-2.0:838601): WARNING **: 18:07:19.368: AT-SPI: Could not obtain desktop path or name


(wrapper-2.0:838600): Gtk-WARNING **: 18:07:19.377: Negative content width -3 (allocation 1, extents 2x2) while allocating gadget (node button, owner PowerManagerButton)

(wrapper-2.0:838594): Gtk-WARNING **: 18:07:19.377: Negative content width -3 (allocation 1, extents 2x2) while allocating gadget (node button, owner PulseaudioButton)

** (wrapper-2.0:838593): WARNING **: 18:07:19.377: AT-SPI: Could not obtain desktop path or name


** (wrapper-2.0:838600): WARNING **: 18:07:19.381: AT-SPI: Could not obtain desktop path or name


** (xfce4-notifyd:838553): WARNING **: 18:07:19.381: AT-SPI: Could not obtain desktop path or name


** (xfsettingsd:838494): WARNING **: 18:07:19.381: AT-SPI: Could not obtain desktop path or name


** (Thunar:838513): WARNING **: 18:07:19.381: AT-SPI: Could not obtain desktop path or name


** (polkit-gnome-authentication-agent-1:838549): WARNING **: 18:07:19.381: AT-SPI: Could not obtain desktop path or name


** (xfce4-screensaver:838552): WARNING **: 18:07:19.381: AT-SPI: Could not obtain desktop path or name


** (xfwm4:838482): WARNING **: 18:07:19.381: AT-SPI: Could not obtain desktop path or name


** (wrapper-2.0:838600): WARNING **: 18:07:19.381: AT-SPI: Could not obtain desktop path or name


** (wrapper-2.0:838600): WARNING **: 18:07:19.381: atk-bridge: get_device_events_reply: unknown signature

** (wrapper-2.0:838600): WARNING **: 18:07:19.381: atk-bridge: get_device_events_reply: unknown signature

** (wrapper-2.0:838600): WARNING **: 18:07:19.382: atk-bridge: GetRegisteredEvents returned message with unknown signature

** (wrapper-2.0:838600): WARNING **: 18:07:19.382: AT-SPI: Could not obtain desktop path or name


** (wrapper-2.0:838600): WARNING **: 18:07:19.382: AT-SPI: Could not obtain desktop path or name


** (wrapper-2.0:838600): WARNING **: 18:07:19.382: AT-SPI: Could not obtain desktop path or name


** (xfce4-power-manager:838551): WARNING **: 18:07:19.382: AT-SPI: Could not obtain desktop path or name


** (wrapper-2.0:838600): WARNING **: 18:07:19.382: AT-SPI: Could not obtain desktop path or name


** (wrapper-2.0:838600): WARNING **: 18:07:19.382: AT-SPI: Could not obtain desktop path or name


** (wrapper-2.0:838600): WARNING **: 18:07:19.382: AT-SPI: Could not obtain desktop path or name


** (wrapper-2.0:838600): WARNING **: 18:07:19.382: AT-SPI: Could not obtain desktop path or name


** (wrapper-2.0:838600): WARNING **: 18:07:19.382: AT-SPI: Could not obtain desktop path or name


** (wrapper-2.0:838600): WARNING **: 18:07:19.382: AT-SPI: Could not obtain desktop path or name


** (wrapper-2.0:838600): WARNING **: 18:07:19.382: AT-SPI: Could not obtain desktop path or name


** (wrapper-2.0:838600): WARNING **: 18:07:19.382: AT-SPI: Could not obtain desktop path or name


** (xfce4-panel:838505): WARNING **: 18:07:19.382: AT-SPI: Could not obtain desktop path or name


** (wrapper-2.0:838594): WARNING **: 18:07:19.383: AT-SPI: Could not obtain desktop path or name


** (wrapper-2.0:838594): WARNING **: 18:07:19.384: AT-SPI: Could not obtain desktop path or name


** (wrapper-2.0:838594): WARNING **: 18:07:19.384: AT-SPI: Could not obtain desktop path or name


** (wrapper-2.0:838594): WARNING **: 18:07:19.384: atk-bridge: get_device_events_reply: unknown signature

** (wrapper-2.0:838594): WARNING **: 18:07:19.384: atk-bridge: get_device_events_reply: unknown signature

** (wrapper-2.0:838594): WARNING **: 18:07:19.384: atk-bridge: GetRegisteredEvents returned message with unknown signature

** (wrapper-2.0:838594): WARNING **: 18:07:19.384: AT-SPI: Could not obtain desktop path or name


** (wrapper-2.0:838594): WARNING **: 18:07:19.384: AT-SPI: Could not obtain desktop path or name


** (wrapper-2.0:838594): WARNING **: 18:07:19.384: AT-SPI: Could not obtain desktop path or name


** (wrapper-2.0:838594): WARNING **: 18:07:19.384: AT-SPI: Could not obtain desktop path or name


** (wrapper-2.0:838594): WARNING **: 18:07:19.384: AT-SPI: Could not obtain desktop path or name


** (wrapper-2.0:838594): WARNING **: 18:07:19.384: AT-SPI: Could not obtain desktop path or name


** (wrapper-2.0:838594): WARNING **: 18:07:19.384: AT-SPI: Could not obtain desktop path or name


** (wrapper-2.0:838594): WARNING **: 18:07:19.384: AT-SPI: Could not obtain desktop path or name


** (wrapper-2.0:838594): WARNING **: 18:07:19.384: AT-SPI: Could not obtain desktop path or name


** (wrapper-2.0:838594): WARNING **: 18:07:19.384: AT-SPI: Could not obtain desktop path or name


** (wrapper-2.0:838594): WARNING **: 18:07:19.384: AT-SPI: Could not obtain desktop path or name


** (wrapper-2.0:838593): WARNING **: 18:07:19.384: AT-SPI: Could not obtain desktop path or name


** (wrapper-2.0:838593): WARNING **: 18:07:19.385: AT-SPI: Could not obtain desktop path or name


** (wrapper-2.0:838593): WARNING **: 18:07:19.385: AT-SPI: Could not obtain desktop path or name


** (wrapper-2.0:838593): WARNING **: 18:07:19.385: atk-bridge: get_device_events_reply: unknown signature

** (wrapper-2.0:838593): WARNING **: 18:07:19.385: atk-bridge: get_device_events_reply: unknown signature

** (wrapper-2.0:838593): WARNING **: 18:07:19.385: atk-bridge: GetRegisteredEvents returned message with unknown signature

** (wrapper-2.0:838593): WARNING **: 18:07:19.385: AT-SPI: Could not obtain desktop path or name


** (wrapper-2.0:838593): WARNING **: 18:07:19.385: AT-SPI: Could not obtain desktop path or name


** (wrapper-2.0:838593): WARNING **: 18:07:19.385: AT-SPI: Could not obtain desktop path or name


** (wrapper-2.0:838593): WARNING **: 18:07:19.385: AT-SPI: Could not obtain desktop path or name


** (wrapper-2.0:838593): WARNING **: 18:07:19.385: AT-SPI: Could not obtain desktop path or name


** (wrapper-2.0:838593): WARNING **: 18:07:19.385: AT-SPI: Could not obtain desktop path or name


** (wrapper-2.0:838593): WARNING **: 18:07:19.385: AT-SPI: Could not obtain desktop path or name


** (wrapper-2.0:838593): WARNING **: 18:07:19.385: AT-SPI: Could not obtain desktop path or name


** (wrapper-2.0:838593): WARNING **: 18:07:19.385: AT-SPI: Could not obtain desktop path or name


** (wrapper-2.0:838593): WARNING **: 18:07:19.385: AT-SPI: Could not obtain desktop path or name


** (wrapper-2.0:838593): WARNING **: 18:07:19.385: AT-SPI: Could not obtain desktop path or name


** (xfce4-session:838449): WARNING **: 18:07:19.389: AT-SPI: Could not obtain desktop path or name


(wrapper-2.0:838601): Gtk-WARNING **: 18:07:19.394: Negative content width -3 (allocation 1, extents 2x2) while allocating gadget (node button, owner GtkToggleButton)

** (wrapper-2.0:838601): WARNING **: 18:07:19.394: AT-SPI: Could not obtain desktop path or name


** (wrapper-2.0:838601): WARNING **: 18:07:19.394: atk-bridge: get_device_events_reply: unknown signature

** (wrapper-2.0:838601): WARNING **: 18:07:19.394: atk-bridge: get_device_events_reply: unknown signature

** (wrapper-2.0:838601): WARNING **: 18:07:19.394: atk-bridge: GetRegisteredEvents returned message with unknown signature

** (wrapper-2.0:838601): WARNING **: 18:07:19.394: AT-SPI: Could not obtain desktop path or name


** (wrapper-2.0:838601): WARNING **: 18:07:19.394: AT-SPI: Could not obtain desktop path or name


** (wrapper-2.0:838601): WARNING **: 18:07:19.394: AT-SPI: Could not obtain desktop path or name


** (wrapper-2.0:838601): WARNING **: 18:07:19.394: AT-SPI: Could not obtain desktop path or name


** (wrapper-2.0:838601): WARNING **: 18:07:19.394: AT-SPI: Could not obtain desktop path or name


** (wrapper-2.0:838601): WARNING **: 18:07:19.394: AT-SPI: Could not obtain desktop path or name


** (wrapper-2.0:838601): WARNING **: 18:07:19.394: AT-SPI: Could not obtain desktop path or name


** (wrapper-2.0:838601): WARNING **: 18:07:19.395: AT-SPI: Could not obtain desktop path or name


** (wrapper-2.0:838601): WARNING **: 18:07:19.395: AT-SPI: Could not obtain desktop path or name


** (wrapper-2.0:838601): WARNING **: 18:07:19.395: AT-SPI: Could not obtain desktop path or name


** (wrapper-2.0:838601): WARNING **: 18:07:19.395: AT-SPI: Could not obtain desktop path or name


** (wrapper-2.0:838601): WARNING **: 18:07:19.395: AT-SPI: Could not obtain desktop path or name


** (xfwm4:838482): WARNING **: 18:07:19.403: AT-SPI: Could not obtain desktop path or name


** (Thunar:838513): WARNING **: 18:07:19.404: AT-SPI: Could not obtain desktop path or name


** (xfce4-screensaver:838552): WARNING **: 18:07:19.404: AT-SPI: Could not obtain desktop path or name


** (xfsettingsd:838494): WARNING **: 18:07:19.404: AT-SPI: Could not obtain desktop path or name


** (wrapper-2.0:838593): WARNING **: 18:07:19.404: AT-SPI: Could not obtain desktop path or name


** (wrapper-2.0:838593): WARNING **: 18:07:19.404: atk-bridge: get_device_events_reply: unknown signature

** (wrapper-2.0:838593): WARNING **: 18:07:19.404: atk-bridge: get_device_events_reply: unknown signature

** (wrapper-2.0:838593): WARNING **: 18:07:19.404: atk-bridge: GetRegisteredEvents returned message with unknown signature

** (wrapper-2.0:838593): WARNING **: 18:07:19.404: atk-bridge: get_device_events_reply: unknown signature

** (wrapper-2.0:838593): WARNING **: 18:07:19.404: atk-bridge: get_device_events_reply: unknown signature

** (wrapper-2.0:838593): WARNING **: 18:07:19.404: atk-bridge: GetRegisteredEvents returned message with unknown signature

** (wrapper-2.0:838593): WARNING **: 18:07:19.404: atk-bridge: get_device_events_reply: unknown signature

** (wrapper-2.0:838593): WARNING **: 18:07:19.404: atk-bridge: get_device_events_reply: unknown signature

** (wrapper-2.0:838593): WARNING **: 18:07:19.404: atk-bridge: GetRegisteredEvents returned message with unknown signature

** (xfce4-power-manager:838551): WARNING **: 18:07:19.404: AT-SPI: Could not obtain desktop path or name


** (xfce4-panel:838505): WARNING **: 18:07:19.404: AT-SPI: Could not obtain desktop path or name


** (xfce4-panel:838505): WARNING **: 18:07:19.404: AT-SPI: Could not obtain desktop path or name


** (wrapper-2.0:838600): WARNING **: 18:07:19.413: atk-bridge: get_device_events_reply: unknown signature

** (wrapper-2.0:838600): WARNING **: 18:07:19.413: atk-bridge: get_device_events_reply: unknown signature

** (wrapper-2.0:838600): WARNING **: 18:07:19.413: atk-bridge: GetRegisteredEvents returned message with unknown signature

** (wrapper-2.0:838600): WARNING **: 18:07:19.413: atk-bridge: get_device_events_reply: unknown signature

** (wrapper-2.0:838600): WARNING **: 18:07:19.413: atk-bridge: get_device_events_reply: unknown signature

** (wrapper-2.0:838600): WARNING **: 18:07:19.413: atk-bridge: GetRegisteredEvents returned message with unknown signature

** (wrapper-2.0:838633): WARNING **: 18:07:19.415: AT-SPI: Could not obtain desktop path or name


** (wrapper-2.0:838633): WARNING **: 18:07:19.415: AT-SPI: Could not obtain desktop path or name


** (wrapper-2.0:838633): WARNING **: 18:07:19.415: AT-SPI: Could not obtain desktop path or name


** (wrapper-2.0:838633): WARNING **: 18:07:19.415: atk-bridge: get_device_events_reply: unknown signature

** (wrapper-2.0:838633): WARNING **: 18:07:19.415: atk-bridge: get_device_events_reply: unknown signature

** (wrapper-2.0:838633): WARNING **: 18:07:19.415: atk-bridge: GetRegisteredEvents returned message with unknown signature

** (wrapper-2.0:838633): WARNING **: 18:07:19.415: AT-SPI: Could not obtain desktop path or name


** (wrapper-2.0:838633): WARNING **: 18:07:19.415: AT-SPI: Could not obtain desktop path or name


** (wrapper-2.0:838633): WARNING **: 18:07:19.415: AT-SPI: Could not obtain desktop path or name


** (wrapper-2.0:838633): WARNING **: 18:07:19.415: AT-SPI: Could not obtain desktop path or name


** (wrapper-2.0:838633): WARNING **: 18:07:19.415: AT-SPI: Could not obtain desktop path or name


** (xfdesktop:838526): WARNING **: 18:07:19.416: AT-SPI: Could not obtain desktop path or name


** (xfce4-panel:838505): WARNING **: 18:07:19.417: AT-SPI: Could not obtain desktop path or name


** (xfce4-session:838449): WARNING **: 18:07:19.417: AT-SPI: Could not obtain desktop path or name


** (polkit-gnome-authentication-agent-1:838549): WARNING **: 18:07:19.417: AT-SPI: Could not obtain desktop path or name


** (xfce4-session:838449): WARNING **: 18:07:19.417: AT-SPI: Could not obtain desktop path or name


** (polkit-gnome-authentication-agent-1:838549): WARNING **: 18:07:19.417: AT-SPI: Could not obtain desktop path or name


** (xfce4-screensaver:838552): WARNING **: 18:07:19.417: AT-SPI: Could not obtain desktop path or name


** (xfce4-power-manager:838551): WARNING **: 18:07:19.417: AT-SPI: Could not obtain desktop path or name


** (xfce4-notifyd:838553): WARNING **: 18:07:19.417: AT-SPI: Could not obtain desktop path or name


** (xfce4-notifyd:838553): WARNING **: 18:07:19.417: AT-SPI: Could not obtain desktop path or name


** (wrapper-2.0:838600): WARNING **: 18:07:19.417: AT-SPI: Could not obtain desktop path or name


** (Thunar:838513): WARNING **: 18:07:19.417: AT-SPI: Could not obtain desktop path or name


** (wrapper-2.0:838600): WARNING **: 18:07:19.417: AT-SPI: Could not obtain desktop path or name


** (wrapper-2.0:838593): WARNING **: 18:07:19.417: AT-SPI: Could not obtain desktop path or name


** (xfsettingsd:838494): WARNING **: 18:07:19.417: AT-SPI: Could not obtain desktop path or name


** (xfwm4:838482): WARNING **: 18:07:19.417: AT-SPI: Could not obtain desktop path or name


** (wrapper-2.0:838594): WARNING **: 18:07:19.424: atk-bridge: get_device_events_reply: unknown signature

** (wrapper-2.0:838594): WARNING **: 18:07:19.424: atk-bridge: get_device_events_reply: unknown signature

** (wrapper-2.0:838594): WARNING **: 18:07:19.424: atk-bridge: GetRegisteredEvents returned message with unknown signature

** (wrapper-2.0:838594): WARNING **: 18:07:19.424: atk-bridge: get_device_events_reply: unknown signature

** (wrapper-2.0:838594): WARNING **: 18:07:19.425: atk-bridge: get_device_events_reply: unknown signature

** (wrapper-2.0:838594): WARNING **: 18:07:19.425: atk-bridge: GetRegisteredEvents returned message with unknown signature

** (wrapper-2.0:838594): WARNING **: 18:07:19.425: atk-bridge: get_device_events_reply: unknown signature

** (wrapper-2.0:838594): WARNING **: 18:07:19.425: atk-bridge: get_device_events_reply: unknown signature

** (wrapper-2.0:838594): WARNING **: 18:07:19.425: atk-bridge: GetRegisteredEvents returned message with unknown signature

** (wrapper-2.0:838633): WARNING **: 18:07:19.425: AT-SPI: Could not obtain desktop path or name


** (wrapper-2.0:838633): WARNING **: 18:07:19.426: AT-SPI: Could not obtain desktop path or name


** (wrapper-2.0:838633): WARNING **: 18:07:19.426: atk-bridge: get_device_events_reply: unknown signature

** (wrapper-2.0:838633): WARNING **: 18:07:19.426: atk-bridge: get_device_events_reply: unknown signature

** (wrapper-2.0:838633): WARNING **: 18:07:19.426: atk-bridge: GetRegisteredEvents returned message with unknown signature

** (wrapper-2.0:838633): WARNING **: 18:07:19.426: atk-bridge: get_device_events_reply: unknown signature

** (wrapper-2.0:838633): WARNING **: 18:07:19.426: atk-bridge: get_device_events_reply: unknown signature

** (wrapper-2.0:838633): WARNING **: 18:07:19.426: atk-bridge: GetRegisteredEvents returned message with unknown signature

** (wrapper-2.0:838633): WARNING **: 18:07:19.426: atk-bridge: get_device_events_reply: unknown signature

** (wrapper-2.0:838633): WARNING **: 18:07:19.426: atk-bridge: get_device_events_reply: unknown signature

** (wrapper-2.0:838633): WARNING **: 18:07:19.426: atk-bridge: GetRegisteredEvents returned message with unknown signature

** (wrapper-2.0:838594): WARNING **: 18:07:19.435: AT-SPI: Could not obtain desktop path or name


** (xfce4-session:838449): WARNING **: 18:07:19.435: AT-SPI: Could not obtain desktop path or name


** (xfsettingsd:838494): WARNING **: 18:07:19.435: AT-SPI: Could not obtain desktop path or name


** (polkit-gnome-authentication-agent-1:838549): WARNING **: 18:07:19.435: AT-SPI: Could not obtain desktop path or name


** (xfce4-screensaver:838552): WARNING **: 18:07:19.435: AT-SPI: Could not obtain desktop path or name


** (xfwm4:838482): WARNING **: 18:07:19.435: AT-SPI: Could not obtain desktop path or name


** (xfce4-notifyd:838553): WARNING **: 18:07:19.435: AT-SPI: Could not obtain desktop path or name


** (wrapper-2.0:838593): WARNING **: 18:07:19.435: AT-SPI: Could not obtain desktop path or name


** (Thunar:838513): WARNING **: 18:07:19.435: AT-SPI: Could not obtain desktop path or name


** (wrapper-2.0:838600): WARNING **: 18:07:19.435: AT-SPI: Could not obtain desktop path or name


** (xfce4-panel:838505): WARNING **: 18:07:19.435: AT-SPI: Could not obtain desktop path or name


** (xfce4-power-manager:838551): WARNING **: 18:07:19.435: AT-SPI: Could not obtain desktop path or name


** (wrapper-2.0:838594): WARNING **: 18:07:19.435: AT-SPI: Could not obtain desktop path or name


** (wrapper-2.0:838594): WARNING **: 18:07:19.435: AT-SPI: Could not obtain desktop path or name


** (wrapper-2.0:838633): WARNING **: 18:07:19.435: AT-SPI: Could not obtain desktop path or name


** (wrapper-2.0:838601): WARNING **: 18:07:19.438: atk-bridge: get_device_events_reply: unknown signature

** (wrapper-2.0:838601): WARNING **: 18:07:19.438: atk-bridge: get_device_events_reply: unknown signature

** (wrapper-2.0:838601): WARNING **: 18:07:19.438: atk-bridge: GetRegisteredEvents returned message with unknown signature

** (wrapper-2.0:838601): WARNING **: 18:07:19.438: AT-SPI: Could not obtain desktop path or name


** (xfsettingsd:838494): WARNING **: 18:07:19.448: AT-SPI: Could not obtain desktop path or name


** (xfce4-session:838449): WARNING **: 18:07:19.448: AT-SPI: Could not obtain desktop path or name


** (xfce4-notifyd:838553): WARNING **: 18:07:19.448: AT-SPI: Could not obtain desktop path or name


** (xfwm4:838482): WARNING **: 18:07:19.448: AT-SPI: Could not obtain desktop path or name


** (xfce4-panel:838505): WARNING **: 18:07:19.448: AT-SPI: Could not obtain desktop path or name


** (wrapper-2.0:838633): WARNING **: 18:07:19.448: AT-SPI: Could not obtain desktop path or name


** (polkit-gnome-authentication-agent-1:838549): WARNING **: 18:07:19.448: AT-SPI: Could not obtain desktop path or name


** (wrapper-2.0:838593): WARNING **: 18:07:19.448: AT-SPI: Could not obtain desktop path or name


** (xfce4-power-manager:838551): WARNING **: 18:07:19.448: AT-SPI: Could not obtain desktop path or name


** (wrapper-2.0:838600): WARNING **: 18:07:19.448: AT-SPI: Could not obtain desktop path or name


** (xfce4-screensaver:838552): WARNING **: 18:07:19.448: AT-SPI: Could not obtain desktop path or name


** (Thunar:838513): WARNING **: 18:07:19.448: AT-SPI: Could not obtain desktop path or name


** (wrapper-2.0:838594): WARNING **: 18:07:19.448: AT-SPI: Could not obtain desktop path or name


** (wrapper-2.0:838601): WARNING **: 18:07:19.448: AT-SPI: Could not obtain desktop path or name


** (wrapper-2.0:838601): WARNING **: 18:07:19.448: AT-SPI: Could not obtain desktop path or name


** (wrapper-2.0:838601): WARNING **: 18:07:19.448: AT-SPI: Could not obtain desktop path or name


** (wrapper-2.0:838601): WARNING **: 18:07:19.448: AT-SPI: Could not obtain desktop path or name


** (xfdesktop:838526): WARNING **: 18:07:19.456: AT-SPI: Could not obtain desktop path or name


** (xfdesktop:838526): WARNING **: 18:07:19.456: AT-SPI: Could not obtain desktop path or name


** (xfdesktop:838526): WARNING **: 18:07:19.456: AT-SPI: Could not obtain desktop path or name


** (xfwm4:838482): WARNING **: 18:07:19.464: AT-SPI: Could not obtain desktop path or name


** (xfsettingsd:838494): WARNING **: 18:07:19.464: AT-SPI: Could not obtain desktop path or name


** (xfce4-power-manager:838551): WARNING **: 18:07:19.464: AT-SPI: Could not obtain desktop path or name


** (xfce4-notifyd:838553): WARNING **: 18:07:19.464: AT-SPI: Could not obtain desktop path or name


** (Thunar:838513): WARNING **: 18:07:19.464: AT-SPI: Could not obtain desktop path or name


** (xfce4-session:838449): WARNING **: 18:07:19.464: AT-SPI: Could not obtain desktop path or name


** (xfce4-panel:838505): WARNING **: 18:07:19.464: AT-SPI: Could not obtain desktop path or name


** (wrapper-2.0:838601): WARNING **: 18:07:19.464: AT-SPI: Could not obtain desktop path or name


** (polkit-gnome-authentication-agent-1:838549): WARNING **: 18:07:19.464: AT-SPI: Could not obtain desktop path or name


** (xfce4-screensaver:838552): WARNING **: 18:07:19.464: AT-SPI: Could not obtain desktop path or name


** (wrapper-2.0:838594): WARNING **: 18:07:19.464: AT-SPI: Could not obtain desktop path or name


** (wrapper-2.0:838633): WARNING **: 18:07:19.464: AT-SPI: Could not obtain desktop path or name


** (wrapper-2.0:838600): WARNING **: 18:07:19.464: AT-SPI: Could not obtain desktop path or name


** (wrapper-2.0:838593): WARNING **: 18:07:19.464: AT-SPI: Could not obtain desktop path or name


** (xfdesktop:838526): WARNING **: 18:07:19.492: AT-SPI: Could not obtain desktop path or name


** (xfdesktop:838526): WARNING **: 18:07:19.492: AT-SPI: Could not obtain desktop path or name


** (xfdesktop:838526): WARNING **: 18:07:19.505: AT-SPI: Could not obtain desktop path or name


** (xfce4-session:838449): WARNING **: 18:07:19.511: AT-SPI: Could not obtain desktop path or name


** (xfce4-screensaver:838552): WARNING **: 18:07:19.511: AT-SPI: Could not obtain desktop path or name


** (wrapper-2.0:838593): WARNING **: 18:07:19.511: AT-SPI: Could not obtain desktop path or name


** (xfce4-notifyd:838553): WARNING **: 18:07:19.511: AT-SPI: Could not obtain desktop path or name


** (xfce4-power-manager:838551): WARNING **: 18:07:19.511: AT-SPI: Could not obtain desktop path or name


** (xfce4-panel:838505): WARNING **: 18:07:19.511: AT-SPI: Could not obtain desktop path or name


** (xfce4-notifyd:838553): WARNING **: 18:07:19.511: AT-SPI: Could not obtain desktop path or name


** (xfce4-power-manager:838551): WARNING **: 18:07:19.511: AT-SPI: Could not obtain desktop path or name


** (xfce4-panel:838505): WARNING **: 18:07:19.511: AT-SPI: Could not obtain desktop path or name


** (xfwm4:838482): WARNING **: 18:07:19.512: AT-SPI: Could not obtain desktop path or name


** (wrapper-2.0:838593): WARNING **: 18:07:19.512: AT-SPI: Could not obtain desktop path or name


** (polkit-gnome-authentication-agent-1:838549): WARNING **: 18:07:19.512: AT-SPI: Could not obtain desktop path or name


** (xfwm4:838482): WARNING **: 18:07:19.512: AT-SPI: Could not obtain desktop path or name


** (polkit-gnome-authentication-agent-1:838549): WARNING **: 18:07:19.512: AT-SPI: Could not obtain desktop path or name


** (wrapper-2.0:838601): WARNING **: 18:07:19.512: AT-SPI: Could not obtain desktop path or name


** (xfsettingsd:838494): WARNING **: 18:07:19.512: AT-SPI: Could not obtain desktop path or name


** (wrapper-2.0:838601): WARNING **: 18:07:19.512: AT-SPI: Could not obtain desktop path or name


** (xfsettingsd:838494): WARNING **: 18:07:19.512: AT-SPI: Could not obtain desktop path or name


** (Thunar:838513): WARNING **: 18:07:19.512: AT-SPI: Could not obtain desktop path or name


** (xfce4-session:838449): WARNING **: 18:07:19.512: AT-SPI: Could not obtain desktop path or name


** (Thunar:838513): WARNING **: 18:07:19.512: AT-SPI: Could not obtain desktop path or name


** (wrapper-2.0:838600): WARNING **: 18:07:19.512: AT-SPI: Could not obtain desktop path or name


** (wrapper-2.0:838633): WARNING **: 18:07:19.512: AT-SPI: Could not obtain desktop path or name


** (wrapper-2.0:838600): WARNING **: 18:07:19.512: AT-SPI: Could not obtain desktop path or name


** (wrapper-2.0:838633): WARNING **: 18:07:19.512: AT-SPI: Could not obtain desktop path or name


** (wrapper-2.0:838594): WARNING **: 18:07:19.512: AT-SPI: Could not obtain desktop path or name


** (wrapper-2.0:838594): WARNING **: 18:07:19.512: AT-SPI: Could not obtain desktop path or name


** (xfce4-screensaver:838552): WARNING **: 18:07:19.512: AT-SPI: Could not obtain desktop path or name


** (xfdesktop:838526): WARNING **: 18:07:19.535: AT-SPI: Could not obtain desktop path or name


** (wrapper-2.0:838600): WARNING **: 18:07:19.543: AT-SPI: Could not obtain desktop path or name


** (wrapper-2.0:838593): WARNING **: 18:07:19.543: AT-SPI: Could not obtain desktop path or name


** (xfce4-session:838449): WARNING **: 18:07:19.543: AT-SPI: Could not obtain desktop path or name


** (xfce4-screensaver:838552): WARNING **: 18:07:19.543: AT-SPI: Could not obtain desktop path or name


** (xfwm4:838482): WARNING **: 18:07:19.543: AT-SPI: Could not obtain desktop path or name


** (xfce4-panel:838505): WARNING **: 18:07:19.543: AT-SPI: Could not obtain desktop path or name


** (polkit-gnome-authentication-agent-1:838549): WARNING **: 18:07:19.543: AT-SPI: Could not obtain desktop path or name


** (wrapper-2.0:838633): WARNING **: 18:07:19.543: AT-SPI: Could not obtain desktop path or name


** (xfce4-notifyd:838553): WARNING **: 18:07:19.543: AT-SPI: Could not obtain desktop path or name


** (xfdesktop:838526): WARNING **: 18:07:19.544: AT-SPI: Could not obtain desktop path or name


** (xfdesktop:838526): WARNING **: 18:07:19.544: AT-SPI: Could not obtain desktop path or name


** (Thunar:838513): WARNING **: 18:07:19.544: AT-SPI: Could not obtain desktop path or name


** (wrapper-2.0:838601): WARNING **: 18:07:19.544: AT-SPI: Could not obtain desktop path or name


** (xfsettingsd:838494): WARNING **: 18:07:19.544: AT-SPI: Could not obtain desktop path or name


** (xfce4-power-manager:838551): WARNING **: 18:07:19.544: AT-SPI: Could not obtain desktop path or name


** (wrapper-2.0:838594): WARNING **: 18:07:19.544: AT-SPI: Could not obtain desktop path or name

Xlib:  extension "DPMS" missing on display ":2.0".
Xlib:  extension "DPMS" missing on display ":2.0".
Xlib:  extension "DPMS" missing on display ":2.0".
Xlib:  extension "DPMS" missing on display ":2.0".
Xlib:  extension "DPMS" missing on display ":2.0".
Xlib:  extension "DPMS" missing on display ":2.0".
Xlib:  extension "DPMS" missing on display ":2.0".
Xlib:  extension "DPMS" missing on display ":2.0".
Xlib:  extension "DPMS" missing on display ":2.0".
Xlib:  extension "DPMS" missing on display ":2.0".
Xlib:  extension "DPMS" missing on display ":2.0".
Xlib:  extension "DPMS" missing on display ":2.0".
Xlib:  extension "DPMS" missing on display ":2.0".
Xlib:  extension "DPMS" missing on display ":2.0".

08/04/23 18:10:48 Got connection from client 127.0.0.1
08/04/23 18:10:48 Using protocol version 3.8
08/04/23 18:10:55 Full-control authentication passed by 127.0.0.1
08/04/23 18:10:55 rfbProcessClientNormalMessage: ignoring unknown encoding 24
08/04/23 18:10:55 rfbProcessClientNormalMessage: ignoring unknown encoding 15
08/04/23 18:10:55 Using hextile encoding for client 127.0.0.1
08/04/23 18:10:55 rfbProcessClientNormalMessage: ignoring unknown encoding 16
08/04/23 18:10:55 rfbProcessClientNormalMessage: ignoring unknown encoding 22
08/04/23 18:10:55 rfbProcessClientNormalMessage: ignoring unknown encoding 21
08/04/23 18:10:55 rfbProcessClientNormalMessage: ignoring unknown encoding -314
08/04/23 18:10:55 Enabling full-color cursor updates for client 127.0.0.1
08/04/23 18:10:55 rfbProcessClientNormalMessage: ignoring unknown encoding -223
08/04/23 18:10:55 Pixel format for client 127.0.0.1:
08/04/23 18:10:55   32 bpp, depth 24, little endian
08/04/23 18:10:55   true colour: max r 255 g 255 b 255, shift r 16 g 8 b 0
08/04/23 18:10:55   no translation needed
Xlib:  extension "DPMS" missing on display ":2.0".
xfce4-panel-Message: 18:11:13.895: Plugin power-manager-plugin-9 has been automatically restarted after crash.
xfce4-panel-Message: 18:11:13.895: Plugin actions-14 has been automatically restarted after crash.
xfce4-panel-Message: 18:11:13.897: Plugin systray-6 has been automatically restarted after crash.
xfce4-panel-Message: 18:11:13.901: Plugin pulseaudio-8 has been automatically restarted after crash.
xfce4-panel-Message: 18:11:13.901: Plugin notification-plugin-10 has been automatically restarted after crash.
